<?xml version="1.0" encoding="UTF-8"?>
<testng-results ignored="0" total="1" passed="1" failed="0" skipped="0">
  <reporter-output>
  </reporter-output>
  <suite started-at="2022-06-07T23:56:41 IST" name="Default suite" finished-at="2022-06-07T23:56:45 IST" duration-ms="3291">
    <groups>
    </groups>
    <test started-at="2022-06-07T23:56:41 IST" name="Default test" finished-at="2022-06-07T23:56:45 IST" duration-ms="3291">
      <class name="demo1GetRequest">
        <test-method signature="getDetails()[pri:0, instance:demo1GetRequest@619713e5]" started-at="2022-06-07T23:56:41 IST" name="getDetails" finished-at="2022-06-07T23:56:45 IST" duration-ms="3229" status="PASS">
          <reporter-output>
          </reporter-output>
        </test-method> <!-- getDetails -->
      </class> <!-- demo1GetRequest -->
    </test> <!-- Default test -->
  </suite> <!-- Default suite -->
</testng-results>
